<?xml version="1.0" encoding="UTF-8"?>
<testng-results ignored="0" total="1" passed="1" failed="0" skipped="0">
  <reporter-output>
    <line>
      <![CDATA[test runs successfully]]>
    </line>
  </reporter-output>
  <suite started-at="2021-06-06T17:28:32 IST" name="Default suite" finished-at="2021-06-06T17:28:32 IST" duration-ms="86">
    <groups>
    </groups>
    <test started-at="2021-06-06T17:28:32 IST" name="Default test" finished-at="2021-06-06T17:28:32 IST" duration-ms="86">
      <class name="com.Amazon.Login.Demo">
        <test-method signature="run()[pri:0, instance:com.Amazon.Login.Demo@71a8adcf]" started-at="2021-06-06T17:28:32 IST" name="run" finished-at="2021-06-06T17:28:32 IST" duration-ms="12" status="PASS">
          <reporter-output>
            <line>
              <![CDATA[test runs successfully]]>
            </line>
          </reporter-output>
        </test-method> <!-- run -->
      </class> <!-- com.Amazon.Login.Demo -->
    </test> <!-- Default test -->
  </suite> <!-- Default suite -->
</testng-results>
